<?xml version="1.0" encoding="UTF-8"?>
<!-- Generated by org.testng.reporters.JUnitXMLReporter -->
<testsuite hostname="HOME" ignored="2" name="Different Test Operations" tests="8" failures="1" timestamp="24 Sep 2019 07:39:47 GMT" time="12.431" errors="0">
  <testcase name="a" time="0.008" classname="PART22.com.qa.testng.TC01_TestNGBasics"/>
  <testcase name="b" time="0.004" classname="PART22.com.qa.testng.TC01_TestNGBasics"/>
  <testcase name="d" time="0.0" classname="PART22.com.qa.testng.TC01_TestNGBasics"/>
  <testcase name="login" time="0.0" classname="PART22.com.qa.testng.TC01_TestNGBasics"/>
  <testcase name="googleTitleTest" time="0.013" classname="PART22.com.qa.testng.TC02_Assertions">
    <failure type="org.junit.ComparisonFailure" message="expected:&amp;lt;Google[]&amp;gt; but was:&amp;lt;Google[123]&amp;gt;">
      <![CDATA[org.junit.ComparisonFailure: expected:<Google[]> but was:<Google[123]>
at org.junit.Assert.assertEquals(Assert.java:115)
at org.junit.Assert.assertEquals(Assert.java:144)
at PART22.com.qa.testng.TC02_Assertions.googleTitleTest(TC02_Assertions.java:38)
... Removed 25 stack frames]]>
    </failure>
  </testcase> <!-- googleTitleTest -->
  <testcase name="logoTest" time="0.044" classname="PART22.com.qa.testng.TC02_Assertions"/>
  <testcase name="Login1" time="0.005" classname="PART22.com.qa.testng.TC01_TestNGBasics"/>
  <testcase name="setup1" time="0.0" classname="PART22.com.qa.testng.TC01_TestNGBasics"/>
  <testcase name="c" time="0.0" classname="PART22.com.qa.testng.TC01_TestNGBasics">
    <ignored/>
  </testcase> <!-- c -->
  <testcase name="e" time="0.0" classname="PART22.com.qa.testng.TC01_TestNGBasics">
    <ignored/>
  </testcase> <!-- e -->
</testsuite> <!-- Different Test Operations -->
