<?xml version="1.0" encoding="UTF-8"?>
<testng-results skipped="0" failed="0" ignored="0" total="2" passed="2">
  <reporter-output>
  </reporter-output>
  <suite name="Default suite" duration-ms="44" started-at="2020-01-07T06:35:15Z" finished-at="2020-01-07T06:35:15Z">
    <groups>
    </groups>
    <test name="Default test" duration-ms="44" started-at="2020-01-07T06:35:15Z" finished-at="2020-01-07T06:35:15Z">
      <class name="PART23.com.qa.testng.TC001_TestNGExecction">
        <test-method status="PASS" signature="test1()[pri:0, instance:PART23.com.qa.testng.TC001_TestNGExecction@5622fdf]" name="test1" is-config="true" duration-ms="12" started-at="2020-01-07T06:35:15Z" finished-at="2020-01-07T06:35:15Z">
          <reporter-output>
          </reporter-output>
        </test-method> <!-- test1 -->
        <test-method status="PASS" signature="test2()[pri:0, instance:PART23.com.qa.testng.TC001_TestNGExecction@5622fdf]" name="test2" is-config="true" duration-ms="0" started-at="2020-01-07T06:35:15Z" finished-at="2020-01-07T06:35:15Z">
          <reporter-output>
          </reporter-output>
        </test-method> <!-- test2 -->
        <test-method status="PASS" signature="test3()[pri:0, instance:PART23.com.qa.testng.TC001_TestNGExecction@5622fdf]" name="test3" is-config="true" duration-ms="0" started-at="2020-01-07T06:35:15Z" finished-at="2020-01-07T06:35:15Z">
          <reporter-output>
          </reporter-output>
        </test-method> <!-- test3 -->
        <test-method status="PASS" signature="test10()[pri:0, instance:PART23.com.qa.testng.TC001_TestNGExecction@5622fdf]" name="test10" duration-ms="5" started-at="2020-01-07T06:35:15Z" finished-at="2020-01-07T06:35:15Z">
          <reporter-output>
          </reporter-output>
        </test-method> <!-- test10 -->
        <test-method status="PASS" signature="test4()[pri:0, instance:PART23.com.qa.testng.TC001_TestNGExecction@5622fdf]" name="test4" is-config="true" duration-ms="0" started-at="2020-01-07T06:35:15Z" finished-at="2020-01-07T06:35:15Z">
          <reporter-output>
          </reporter-output>
        </test-method> <!-- test4 -->
        <test-method status="PASS" signature="test9()[pri:0, instance:PART23.com.qa.testng.TC001_TestNGExecction@5622fdf]" name="test9" is-config="true" duration-ms="0" started-at="2020-01-07T06:35:15Z" finished-at="2020-01-07T06:35:15Z">
          <reporter-output>
          </reporter-output>
        </test-method> <!-- test9 -->
        <test-method status="PASS" signature="test4()[pri:0, instance:PART23.com.qa.testng.TC001_TestNGExecction@5622fdf]" name="test4" is-config="true" duration-ms="0" started-at="2020-01-07T06:35:15Z" finished-at="2020-01-07T06:35:15Z">
          <reporter-output>
          </reporter-output>
        </test-method> <!-- test4 -->
        <test-method status="PASS" signature="test5()[pri:0, instance:PART23.com.qa.testng.TC001_TestNGExecction@5622fdf]" name="test5" duration-ms="4" started-at="2020-01-07T06:35:15Z" finished-at="2020-01-07T06:35:15Z">
          <reporter-output>
          </reporter-output>
        </test-method> <!-- test5 -->
        <test-method status="PASS" signature="test7()[pri:0, instance:PART23.com.qa.testng.TC001_TestNGExecction@5622fdf]" name="test7" is-config="true" duration-ms="0" started-at="2020-01-07T06:35:15Z" finished-at="2020-01-07T06:35:15Z">
          <reporter-output>
          </reporter-output>
        </test-method> <!-- test7 -->
        <test-method status="PASS" signature="test8()[pri:0, instance:PART23.com.qa.testng.TC001_TestNGExecction@5622fdf]" name="test8" is-config="true" duration-ms="0" started-at="2020-01-07T06:35:15Z" finished-at="2020-01-07T06:35:15Z">
          <reporter-output>
          </reporter-output>
        </test-method> <!-- test8 -->
        <test-method status="PASS" signature="test9()[pri:0, instance:PART23.com.qa.testng.TC001_TestNGExecction@5622fdf]" name="test9" is-config="true" duration-ms="0" started-at="2020-01-07T06:35:15Z" finished-at="2020-01-07T06:35:15Z">
          <reporter-output>
          </reporter-output>
        </test-method> <!-- test9 -->
        <test-method status="PASS" signature="test6()[pri:0, instance:PART23.com.qa.testng.TC001_TestNGExecction@5622fdf]" name="test6" is-config="true" duration-ms="0" started-at="2020-01-07T06:35:15Z" finished-at="2020-01-07T06:35:15Z">
          <reporter-output>
          </reporter-output>
        </test-method> <!-- test6 -->
      </class> <!-- PART23.com.qa.testng.TC001_TestNGExecction -->
    </test> <!-- Default test -->
  </suite> <!-- Default suite -->
</testng-results>
