<?xml version="1.0" encoding="UTF-8"?>
<testng-results skipped="0" failed="0" ignored="0" total="1" passed="1">
  <reporter-output>
  </reporter-output>
  <suite name="Default suite" duration-ms="6336" started-at="2020-06-25T07:17:37Z" finished-at="2020-06-25T07:17:44Z">
    <groups>
    </groups>
    <test name="Default test" duration-ms="6336" started-at="2020-06-25T07:17:37Z" finished-at="2020-06-25T07:17:44Z">
      <class name="com.qa.singletonclass.PageTest">
        <test-method status="PASS" signature="setUp()[pri:0, instance:com.qa.singletonclass.PageTest@47c62251]" name="setUp" is-config="true" duration-ms="3586" started-at="2020-06-25T12:47:37Z" finished-at="2020-06-25T12:47:41Z">
          <reporter-output>
          </reporter-output>
        </test-method> <!-- setUp -->
        <test-method status="PASS" signature="testMethod1()[pri:0, instance:com.qa.singletonclass.PageTest@47c62251]" name="testMethod1" duration-ms="1830" started-at="2020-06-25T12:47:41Z" finished-at="2020-06-25T12:47:43Z">
          <reporter-output>
          </reporter-output>
        </test-method> <!-- testMethod1 -->
        <test-method status="PASS" signature="tearDown()[pri:0, instance:com.qa.singletonclass.PageTest@47c62251]" name="tearDown" is-config="true" duration-ms="902" started-at="2020-06-25T12:47:43Z" finished-at="2020-06-25T12:47:44Z">
          <reporter-output>
          </reporter-output>
        </test-method> <!-- tearDown -->
      </class> <!-- com.qa.singletonclass.PageTest -->
    </test> <!-- Default test -->
  </suite> <!-- Default suite -->
</testng-results>
